Build started 28/02/2018 15:28:09.
     1>Project "C:\Users\uos\Desktop\RVO2\build2\examples\Roadmap.vcxproj" on node 4 (build target(s)).
     1>InitializeBuildStatus:
         Creating "Roadmap.dir\Debug\Roadmap.unsuccessfulbuild" because "AlwaysCreate" was specified.
       CustomBuild:
         All outputs are up-to-date.
       ClCompile:
         c:\Program Files (x86)\Microsoft Visual Studio 10.0\VC\bin\CL.exe /c /IC:\Users\uos\Desktop\RVO2\src /Zi /nologo /W3 /WX- /Od /Ob0 /Oy- /D WIN32 /D _WINDOWS /D "CMAKE_INTDIR=\"Debug\"" /D _MBCS /Gm- /EHsc /RTC1 /MDd /GS /fp:precise /Zc:wchar_t /Zc:forScope /GR /Fo"Roadmap.dir\Debug\\" /Fd"Roadmap.dir\Debug\vc100.pdb" /Gd /TP /analyze- /errorReport:prompt ..\..\examples\Roadmap.cpp
         Roadmap.cpp
       ManifestResourceCompile:
         All outputs are up-to-date.
       Link:
         c:\Program Files (x86)\Microsoft Visual Studio 10.0\VC\bin\link.exe /ERRORREPORT:PROMPT /OUT:"C:\Users\uos\Desktop\RVO2\build2\examples\Debug\Roadmap.exe" /INCREMENTAL /NOLOGO ..\src\Debug\RVO.lib kernel32.lib user32.lib gdi32.lib winspool.lib shell32.lib ole32.lib oleaut32.lib uuid.lib comdlg32.lib advapi32.lib /MANIFEST /ManifestFile:"Roadmap.dir\Debug\Roadmap.exe.intermediate.manifest" /MANIFESTUAC:"level='asInvoker' uiAccess='false'" /DEBUG /PDB:"C:/Users/uos/Desktop/RVO2/build2/examples/Debug/Roadmap.pdb" /SUBSYSTEM:CONSOLE /TLBID:1 /DYNAMICBASE /NXCOMPAT /IMPLIB:"C:/Users/uos/Desktop/RVO2/build2/examples/Debug/Roadmap.lib" /MACHINE:X86 Roadmap.dir\Debug\Roadmap.exe.embed.manifest.res
         Roadmap.dir\Debug\Roadmap.obj  /machine:X86
       Manifest:
         C:\Program Files (x86)\Microsoft SDKs\Windows\v7.0A\bin\mt.exe /nologo /verbose /out:"Roadmap.dir\Debug\Roadmap.exe.embed.manifest" /manifest Roadmap.dir\Debug\Roadmap.exe.intermediate.manifest
         All outputs are up-to-date.
       LinkEmbedManifest:
         All outputs are up-to-date.
         Roadmap.vcxproj -> C:\Users\uos\Desktop\RVO2\build2\examples\Debug\Roadmap.exe
       FinalizeBuildStatus:
         Deleting file "Roadmap.dir\Debug\Roadmap.unsuccessfulbuild".
         Touching "Roadmap.dir\Debug\Roadmap.lastbuildstate".
     1>Done Building Project "C:\Users\uos\Desktop\RVO2\build2\examples\Roadmap.vcxproj" (build target(s)).

Build succeeded.

Time Elapsed 00:00:06.19
