Build started 28/02/2018 15:28:09.
     1>Project "C:\Users\uos\Desktop\RVO2\build2\examples\Blocks.vcxproj" on node 2 (build target(s)).
     1>InitializeBuildStatus:
         Creating "Blocks.dir\Debug\Blocks.unsuccessfulbuild" because "AlwaysCreate" was specified.
       CustomBuild:
         All outputs are up-to-date.
       ClCompile:
         c:\Program Files (x86)\Microsoft Visual Studio 10.0\VC\bin\CL.exe /c /IC:\Users\uos\Desktop\RVO2\src /Zi /nologo /W3 /WX- /Od /Ob0 /Oy- /D WIN32 /D _WINDOWS /D "CMAKE_INTDIR=\"Debug\"" /D _MBCS /Gm- /EHsc /RTC1 /MDd /GS /fp:precise /Zc:wchar_t /Zc:forScope /GR /Fo"Blocks.dir\Debug\\" /Fd"Blocks.dir\Debug\vc100.pdb" /Gd /TP /analyze- /errorReport:prompt ..\..\examples\Blocks.cpp
         Blocks.cpp
       ManifestResourceCompile:
         All outputs are up-to-date.
       Link:
         c:\Program Files (x86)\Microsoft Visual Studio 10.0\VC\bin\link.exe /ERRORREPORT:PROMPT /OUT:"C:\Users\uos\Desktop\RVO2\build2\examples\Debug\Blocks.exe" /INCREMENTAL /NOLOGO ..\src\Debug\RVO.lib kernel32.lib user32.lib gdi32.lib winspool.lib shell32.lib ole32.lib oleaut32.lib uuid.lib comdlg32.lib advapi32.lib /MANIFEST /ManifestFile:"Blocks.dir\Debug\Blocks.exe.intermediate.manifest" /MANIFESTUAC:"level='asInvoker' uiAccess='false'" /DEBUG /PDB:"C:/Users/uos/Desktop/RVO2/build2/examples/Debug/Blocks.pdb" /SUBSYSTEM:CONSOLE /TLBID:1 /DYNAMICBASE /NXCOMPAT /IMPLIB:"C:/Users/uos/Desktop/RVO2/build2/examples/Debug/Blocks.lib" /MACHINE:X86 Blocks.dir\Debug\Blocks.exe.embed.manifest.res
         Blocks.dir\Debug\Blocks.obj  /machine:X86
       Manifest:
         C:\Program Files (x86)\Microsoft SDKs\Windows\v7.0A\bin\mt.exe /nologo /verbose /out:"Blocks.dir\Debug\Blocks.exe.embed.manifest" /manifest Blocks.dir\Debug\Blocks.exe.intermediate.manifest
         All outputs are up-to-date.
       LinkEmbedManifest:
         All outputs are up-to-date.
         Blocks.vcxproj -> C:\Users\uos\Desktop\RVO2\build2\examples\Debug\Blocks.exe
       FinalizeBuildStatus:
         Deleting file "Blocks.dir\Debug\Blocks.unsuccessfulbuild".
         Touching "Blocks.dir\Debug\Blocks.lastbuildstate".
     1>Done Building Project "C:\Users\uos\Desktop\RVO2\build2\examples\Blocks.vcxproj" (build target(s)).

Build succeeded.

Time Elapsed 00:00:06.40
